[0.031s] Invoking command in '/home/mtrn/A2_project/A2_Project/src/demo_moveit_ur/build/demo_moveit_ur': CMAKE_PREFIX_PATH=${CMAKE_PREFIX_PATH}:/home/mtrn/4231/ws_moveit2/install/moveit_configs_utils:/home/mtrn/4231/ws_moveit2/install/launch_param_builder:/opt/ros/humble /home/mtrn/.local/bin/cmake --build /home/mtrn/A2_project/A2_Project/src/demo_moveit_ur/build/demo_moveit_ur -- -j12 -l12
[0.311s] [ 50%] [32mBuilding CXX object CMakeFiles/moveit_trajectory.dir/src/moveit_trajectory.cpp.o[0m
[9.030s] [01m[K/home/mtrn/A2_project/A2_Project/src/demo_moveit_ur/src/moveit_trajectory.cpp:[m[K In member function â€˜[01m[Kvoid moveit_trajectory::set_orientation(geometry_msgs::msg::Quaternion)[m[Kâ€™:
[9.031s] [01m[K/home/mtrn/A2_project/A2_Project/src/demo_moveit_ur/src/moveit_trajectory.cpp:213:37:[m[K [01;31m[Kerror: [m[Kâ€˜[01m[Kstruct geometry_msgs::msg::PoseStamped_<std::allocator<void> >[m[Kâ€™ has no member named â€˜[01m[Kposition[m[Kâ€™
[9.031s]   213 |   std::cout<<"Pose: "<<current_pose.[01;31m[Kposition[m[K.x<<'\t'<<current_pose.position.y<<'\t'<<current_pose.position.z<<'\t'<<std::endl;
[9.031s]       |                                     [01;31m[K^~~~~~~~[m[K
[9.031s] [01m[K/home/mtrn/A2_project/A2_Project/src/demo_moveit_ur/src/moveit_trajectory.cpp:213:68:[m[K [01;31m[Kerror: [m[Kâ€˜[01m[Kstruct geometry_msgs::msg::PoseStamped_<std::allocator<void> >[m[Kâ€™ has no member named â€˜[01m[Kposition[m[Kâ€™
[9.031s]   213 |   std::cout<<"Pose: "<<current_pose.position.x<<'\t'<<current_pose.[01;31m[Kposition[m[K.y<<'\t'<<current_pose.position.z<<'\t'<<std::endl;
[9.031s]       |                                                                    [01;31m[K^~~~~~~~[m[K
[9.032s] [01m[K/home/mtrn/A2_project/A2_Project/src/demo_moveit_ur/src/moveit_trajectory.cpp:213:99:[m[K [01;31m[Kerror: [m[Kâ€˜[01m[Kstruct geometry_msgs::msg::PoseStamped_<std::allocator<void> >[m[Kâ€™ has no member named â€˜[01m[Kposition[m[Kâ€™
[9.032s]   213 |   std::cout<<"Pose: "<<current_pose.position.x<<'\t'<<current_pose.position.y<<'\t'<<current_pose.[01;31m[Kposition[m[K.z<<'\t'<<std::endl;
[9.032s]       |                                                                                                   [01;31m[K^~~~~~~~[m[K
[9.035s] [01m[K/home/mtrn/A2_project/A2_Project/src/demo_moveit_ur/src/moveit_trajectory.cpp:[m[K In member function â€˜[01m[Kvoid moveit_trajectory::move_callback(geometry_msgs::msg::Pose_<std::allocator<void> >::SharedPtr)[m[Kâ€™:
[9.036s] [01m[K/home/mtrn/A2_project/A2_Project/src/demo_moveit_ur/src/moveit_trajectory.cpp:271:81:[m[K [01;35m[Kwarning: [m[Kunused parameter â€˜[01m[Kpose[m[Kâ€™ [[01;35m[K]8;;https://gcc.gnu.org/onlinedocs/gcc/Warning-Options.html#index-Wunused-parameter-Wunused-parameter]8;;[m[K]
[9.036s]   271 | void moveit_trajectory::move_callback([01;35m[Kconst geometry_msgs::msg::Pose::SharedPtr pose[m[K)
[9.036s]       |                                       [01;35m[K~~~~~~~~~~~~~~~~~~~~~~~~~~~~~~~~~~~~~~~~~~^~~~[m[K
[13.496s] gmake[2]: *** [CMakeFiles/moveit_trajectory.dir/build.make:76: CMakeFiles/moveit_trajectory.dir/src/moveit_trajectory.cpp.o] Error 1
[13.496s] gmake[1]: *** [CMakeFiles/Makefile2:137: CMakeFiles/moveit_trajectory.dir/all] Error 2
[13.497s] gmake: *** [Makefile:146: all] Error 2
[13.512s] Invoked command in '/home/mtrn/A2_project/A2_Project/src/demo_moveit_ur/build/demo_moveit_ur' returned '2': CMAKE_PREFIX_PATH=${CMAKE_PREFIX_PATH}:/home/mtrn/4231/ws_moveit2/install/moveit_configs_utils:/home/mtrn/4231/ws_moveit2/install/launch_param_builder:/opt/ros/humble /home/mtrn/.local/bin/cmake --build /home/mtrn/A2_project/A2_Project/src/demo_moveit_ur/build/demo_moveit_ur -- -j12 -l12
