[ 50%] [32mBuilding CXX object CMakeFiles/subscriber_node.dir/src/subscriber_node.cpp.o[0m
[01m[K/home/mtrn/4231/A2_Project/Computer_Vision/packages/src/pizza_pos/src/subscriber_node.cpp:15:25:[m[K [01;31m[Kerror: [m[Kâ€˜[01m[Kyolov8_ros[m[Kâ€™ does not name a type
   15 |     void callback(const [01;31m[Kyolov8_ros[m[K::msg::DetectionArray::SharedPtr msg) const
      |                         [01;31m[K^~~~~~~~~~[m[K
[01m[K/home/mtrn/4231/A2_Project/Computer_Vision/packages/src/pizza_pos/src/subscriber_node.cpp:15:40:[m[K [01;31m[Kerror: [m[Kexpected unqualified-id before â€˜[01m[K::[m[Kâ€™ token
   15 |     void callback(const yolov8_ros::msg[01;31m[K::[m[KDetectionArray::SharedPtr msg) const
      |                                        [01;31m[K^~[m[K
[01m[K/home/mtrn/4231/A2_Project/Computer_Vision/packages/src/pizza_pos/src/subscriber_node.cpp:15:40:[m[K [01;31m[Kerror: [m[Kexpected â€˜[01m[K)[m[Kâ€™ before â€˜[01m[K::[m[Kâ€™ token
   15 |     void callback[34m[K([m[Kconst yolov8_ros::msg[01;31m[K:[m[K[32m[K:[m[KDetectionArray::SharedPtr msg) const
      |                  [34m[K~[m[K                     [01;31m[K^[m[K[32m[K~[m[K
      |                                        [32m[K)[m[K
[01m[K/home/mtrn/4231/A2_Project/Computer_Vision/packages/src/pizza_pos/src/subscriber_node.cpp:15:37:[m[K [01;31m[Kerror: [m[Kexpected â€˜[01m[K;[m[Kâ€™ at end of member declaration
   15 |     void callback(const yolov8_ros::[01;31m[Kmsg[m[K::DetectionArray::SharedPtr msg) const
      |                                     [01;31m[K^~~[m[K
      |                                        [32m[K;[m[K
[01m[K/home/mtrn/4231/A2_Project/Computer_Vision/packages/src/pizza_pos/src/subscriber_node.cpp:15:42:[m[K [01;31m[Kerror: [m[Kâ€˜[01m[KDetectionArray[m[Kâ€™ in namespace â€˜[01m[K::[m[Kâ€™ does not name a type
   15 |     void callback(const yolov8_ros::msg::[01;31m[KDetectionArray[m[K::SharedPtr msg) const
      |                                          [01;31m[K^~~~~~~~~~~~~~[m[K
[01m[K/home/mtrn/4231/A2_Project/Computer_Vision/packages/src/pizza_pos/src/subscriber_node.cpp:21:26:[m[K [01;31m[Kerror: [m[Kâ€˜[01m[Kyolov8_ros[m[Kâ€™ was not declared in this scope; did you mean â€˜[01m[Kyolov8_msgs[m[Kâ€™?
   21 |     rclcpp::Subscription<[01;31m[Kyolov8_ros[m[K::msg::DetectionArray>::SharedPtr subscription_;
      |                          [01;31m[K^~~~~~~~~~[m[K
      |                          [32m[Kyolov8_msgs[m[K
[01m[K/home/mtrn/4231/A2_Project/Computer_Vision/packages/src/pizza_pos/src/subscriber_node.cpp:21:57:[m[K [01;31m[Kerror: [m[Ktemplate argument 1 is invalid
   21 |     rclcpp::Subscription<yolov8_ros::msg::DetectionArray[01;31m[K>[m[K::SharedPtr subscription_;
      |                                                         [01;31m[K^[m[K
[01m[K/home/mtrn/4231/A2_Project/Computer_Vision/packages/src/pizza_pos/src/subscriber_node.cpp:21:57:[m[K [01;31m[Kerror: [m[Ktemplate argument 3 is invalid
[01m[K/home/mtrn/4231/A2_Project/Computer_Vision/packages/src/pizza_pos/src/subscriber_node.cpp:21:57:[m[K [01;31m[Kerror: [m[Ktemplate argument 4 is invalid
[01m[K/home/mtrn/4231/A2_Project/Computer_Vision/packages/src/pizza_pos/src/subscriber_node.cpp:21:57:[m[K [01;31m[Kerror: [m[Ktemplate argument 5 is invalid
[01m[K/home/mtrn/4231/A2_Project/Computer_Vision/packages/src/pizza_pos/src/subscriber_node.cpp:21:60:[m[K [01;31m[Kerror: [m[Kexpected â€˜[01m[K;[m[Kâ€™ at end of member declaration
   21 |     rclcpp::Subscription<yolov8_ros::msg::DetectionArray>::[01;31m[KSharedPtr[m[K subscription_;
      |                                                            [01;31m[K^~~~~~~~~[m[K
      |                                                                     [32m[K;[m[K
[01m[K/home/mtrn/4231/A2_Project/Computer_Vision/packages/src/pizza_pos/src/subscriber_node.cpp:21:70:[m[K [01;31m[Kerror: [m[Kâ€˜[01m[Ksubscription_[m[Kâ€™ does not name a type; did you mean â€˜[01m[Krmw_subscription_t[m[Kâ€™?
   21 |     rclcpp::Subscription<yolov8_ros::msg::DetectionArray>::SharedPtr [01;31m[Ksubscription_[m[K;
      |                                                                      [01;31m[K^~~~~~~~~~~~~[m[K
      |                                                                      [32m[Krmw_subscription_t[m[K
[01m[K/home/mtrn/4231/A2_Project/Computer_Vision/packages/src/pizza_pos/src/subscriber_node.cpp:[m[K In constructor â€˜[01m[KDetectionSubscriber::DetectionSubscriber()[m[Kâ€™:
[01m[K/home/mtrn/4231/A2_Project/Computer_Vision/packages/src/pizza_pos/src/subscriber_node.cpp:10:9:[m[K [01;31m[Kerror: [m[Kâ€˜[01m[Ksubscription_[m[Kâ€™ was not declared in this scope; did you mean â€˜[01m[Krmw_subscription_t[m[Kâ€™?
   10 |         [01;31m[Ksubscription_[m[K = this->create_subscription<yolov8_ros::msg::DetectionArray>(
      |         [01;31m[K^~~~~~~~~~~~~[m[K
      |         [32m[Krmw_subscription_t[m[K
[01m[K/home/mtrn/4231/A2_Project/Computer_Vision/packages/src/pizza_pos/src/subscriber_node.cpp:10:51:[m[K [01;31m[Kerror: [m[Kâ€˜[01m[Kyolov8_ros[m[Kâ€™ was not declared in this scope; did you mean â€˜[01m[Kyolov8_msgs[m[Kâ€™?
   10 |         subscription_ = this->create_subscription<[01;31m[Kyolov8_ros[m[K::msg::DetectionArray>(
      |                                                   [01;31m[K^~~~~~~~~~[m[K
      |                                                   [32m[Kyolov8_msgs[m[K
[01m[K/home/mtrn/4231/A2_Project/Computer_Vision/packages/src/pizza_pos/src/subscriber_node.cpp:10:31:[m[K [01;31m[Kerror: [m[Kparse error in template argument list
   10 |         subscription_ = this->[01;31m[Kcreate_subscription<yolov8_ros::msg::DetectionArray>[m[K(
      |                               [01;31m[K^~~~~~~~~~~~~~~~~~~~~~~~~~~~~~~~~~~~~~~~~~~~~~~~~~~~[m[K
[01m[K/home/mtrn/4231/A2_Project/Computer_Vision/packages/src/pizza_pos/src/subscriber_node.cpp:10:83:[m[K [01;31m[Kerror: [m[Kno matching function for call to â€˜[01m[KDetectionSubscriber::create_subscription<<expression error> >(const char [16], int, std::_Bind_helper<false, void (DetectionSubscriber::*)(...), DetectionSubscriber*, const std::_Placeholder<1>&>::type)[m[Kâ€™
   10 |         subscription_ = [01;31m[Kthis->create_subscription<yolov8_ros::msg::DetectionArray>([m[K
      |                         [01;31m[K~~~~~~~~~~~~~~~~~~~~~~~~~~~~~~~~~~~~~~~~~~~~~~~~~~~~~~~~~~^[m[K
   11 | [01;31m[K            "detection_topic", 10, std::bind(&DetectionSubscriber::callback, this, std::placeholders::_1))[m[K;
      |             [01;31m[K~~~~~~~~~~~~~~~~~~~~~~~~~~~~~~~~~~~~~~~~~~~~~~~~~~~~~~~~~~~~~~~~~~~~~~~~~~~~~~~~~~~~~~~~~~~~~~[m[K
In file included from [01m[K/opt/ros/humble/include/rclcpp/rclcpp/executors/single_threaded_executor.hpp:28[m[K,
                 from [01m[K/opt/ros/humble/include/rclcpp/rclcpp/executors.hpp:22[m[K,
                 from [01m[K/opt/ros/humble/include/rclcpp/rclcpp/rclcpp.hpp:155[m[K,
                 from [01m[K/home/mtrn/4231/A2_Project/Computer_Vision/packages/src/pizza_pos/src/subscriber_node.cpp:1[m[K:
[01m[K/opt/ros/humble/include/rclcpp/rclcpp/node.hpp:219:3:[m[K [01;36m[Knote: [m[Kcandidate: â€˜[01m[Ktemplate<class MessageT, class CallbackT, class AllocatorT, class SubscriptionT, class MessageMemoryStrategyT> std::shared_ptr<ROSMessageT> rclcpp::Node::create_subscription(const string&, const rclcpp::QoS&, CallbackT&&, const rclcpp::SubscriptionOptionsWithAllocator<AllocatorT>&, typename MessageMemoryStrategyT::SharedPtr)[m[Kâ€™
  219 |   [01;36m[Kcreate_subscription[m[K(
      |   [01;36m[K^~~~~~~~~~~~~~~~~~~[m[K
[01m[K/opt/ros/humble/include/rclcpp/rclcpp/node.hpp:219:3:[m[K [01;36m[Knote: [m[K  template argument deduction/substitution failed:
[01m[K/home/mtrn/4231/A2_Project/Computer_Vision/packages/src/pizza_pos/src/subscriber_node.cpp:10:83:[m[K [01;31m[Kerror: [m[Ktemplate argument 1 is invalid
   10 |         subscription_ = [01;31m[Kthis->create_subscription<yolov8_ros::msg::DetectionArray>([m[K
      |                         [01;31m[K~~~~~~~~~~~~~~~~~~~~~~~~~~~~~~~~~~~~~~~~~~~~~~~~~~~~~~~~~~^[m[K
   11 | [01;31m[K            "detection_topic", 10, std::bind(&DetectionSubscriber::callback, this, std::placeholders::_1))[m[K;
      |             [01;31m[K~~~~~~~~~~~~~~~~~~~~~~~~~~~~~~~~~~~~~~~~~~~~~~~~~~~~~~~~~~~~~~~~~~~~~~~~~~~~~~~~~~~~~~~~~~~~~~[m[K
gmake[2]: *** [CMakeFiles/subscriber_node.dir/build.make:76: CMakeFiles/subscriber_node.dir/src/subscriber_node.cpp.o] Error 1
gmake[1]: *** [CMakeFiles/Makefile2:137: CMakeFiles/subscriber_node.dir/all] Error 2
gmake: *** [Makefile:146: all] Error 2
